<?xml version="1.0" encoding="UTF-8"?>
<!-- Generated by org.testng.reporters.JUnitReportReporter -->
<testsuite skipped="0" hostname="Mohan-PC" name="com.selenium.maven.com.selenium.AppTest" tests="9" failures="0" timestamp="19 Apr 2018 19:21:14 GMT" time="274.034" errors="0">
  <testcase name="loginToSDFC" time="16.632" classname="com.selenium.maven.com.selenium.AppTest"/>
  <testcase name="navigateToSDFC" time="44.472" classname="com.selenium.maven.com.selenium.AppTest"/>
  <testcase name="userMenuDropDown" time="18.613" classname="com.selenium.maven.com.selenium.AppTest"/>
  <testcase name="testCase6" time="60.541" classname="com.selenium.maven.com.selenium.AppTest"/>
  <testcase name="createAccountT10" time="37.825" classname="com.selenium.maven.com.selenium.AppTest"/>
  <testcase name="logoutUsermenuT09" time="31.170" classname="com.selenium.maven.com.selenium.AppTest"/>
  <testcase name="checkRememberMe" time="19.065" classname="com.selenium.maven.com.selenium.AppTest"/>
  <testcase name="validateLoginErrorMessage" time="12.445" classname="com.selenium.maven.com.selenium.AppTest"/>
  <testcase name="createNewViewT11" time="33.271" classname="com.selenium.maven.com.selenium.AppTest"/>
</testsuite> <!-- com.selenium.maven.com.selenium.AppTest -->
